<?xml version="1.0" encoding="UTF-8"?>
<!-- Generated by org.testng.reporters.JUnitXMLReporter -->
<testsuite ignored="0" hostname="homsai" failures="0" tests="3" name="Surefire test" time="57.788" errors="0" timestamp="2024-07-30T15:44:34 IST">
  <testcase classname="FrameWorkSelenium.SubmitOrderTest" name="SubmitOrder" time="20.126"/>
  <testcase classname="FrameWorkSelenium.SubmitOrderTest" name="SubmitOrder" time="20.443"/>
  <testcase classname="FrameWorkSelenium.SubmitOrderTest" name="orderHistoryTest" time="0.574"/>
</testsuite> <!-- Surefire test -->
