<?xml version="1.0" encoding="UTF-8"?>
<!-- Generated by org.testng.reporters.JUnitXMLReporter -->
<testsuite ignored="0" hostname="homsai" failures="0" tests="3" name="Default test" time="63.504" errors="0" timestamp="2024-07-29T22:05:20 IST">
  <testcase classname="FrameWorkSelenium.SubmitOrderTest" name="SubmitOrder" time="20.576"/>
  <testcase classname="FrameWorkSelenium.SubmitOrderTest" name="SubmitOrder" time="20.414"/>
  <testcase classname="FrameWorkSelenium.SubmitOrderTest" name="orderHistoryTest" time="0.917"/>
</testsuite> <!-- Default test -->
