<?xml version="1.0" encoding="UTF-8"?>
<!-- Generated by org.testng.reporters.JUnitXMLReporter -->
<testsuite ignored="1" hostname="homsai" failures="0" tests="2" name="Submit Order Test" time="53.556" errors="0" timestamp="2024-07-30T20:10:56 IST">
  <testcase classname="FrameWorkSelenium.SubmitOrderTest" name="SubmitOrder" time="19.906"/>
  <testcase classname="FrameWorkSelenium.SubmitOrderTest" name="SubmitOrder" time="20.038"/>
  <testcase classname="FrameWorkSelenium.SubmitOrderTest" name="orderHistoryTest" time="0.0">
    <ignored/>
  </testcase> <!-- orderHistoryTest -->
</testsuite> <!-- Submit Order Test -->
