<?xml version="1.0" encoding="UTF-8"?>
<testng-results ignored="0" total="2" passed="2" failed="0" skipped="0">
  <reporter-output>
  </reporter-output>
  <suite started-at="2024-07-30T20:10:02 IST" name="Suite" finished-at="2024-07-30T20:10:56 IST" duration-ms="53591">
    <groups>
      <group name="submitOrder">
        <method signature="SubmitOrderTest.SubmitOrder(java.util.HashMap)[pri:0, instance:FrameWorkSelenium.SubmitOrderTest@776aec5c]" name="SubmitOrder" class="FrameWorkSelenium.SubmitOrderTest"/>
      </group> <!-- submitOrder -->
    </groups>
    <test started-at="2024-07-30T20:10:02 IST" name="Submit Order Test" finished-at="2024-07-30T20:10:55 IST" duration-ms="53556">
      <class name="FrameWorkSelenium.SubmitOrderTest">
        <test-method is-config="true" signature="LaunchApplication()[pri:0, instance:FrameWorkSelenium.SubmitOrderTest@776aec5c]" started-at="2024-07-30T20:10:02 IST" name="LaunchApplication" finished-at="2024-07-30T20:10:11 IST" duration-ms="8886" status="PASS">
          <reporter-output>
          </reporter-output>
        </test-method> <!-- LaunchApplication -->
        <test-method signature="SubmitOrder(java.util.HashMap)[pri:0, instance:FrameWorkSelenium.SubmitOrderTest@776aec5c]" started-at="2024-07-30T20:10:11 IST" name="SubmitOrder" data-provider="getData" finished-at="2024-07-30T20:10:31 IST" duration-ms="19906" status="PASS">
          <params>
            <param index="0">
              <value>
                <![CDATA[{password=Selenium@2024, product=ZARA COAT 3, email=homsai@gmail.com}]]>
              </value>
            </param>
          </params>
          <reporter-output>
          </reporter-output>
        </test-method> <!-- SubmitOrder -->
        <test-method is-config="true" signature="tearDown()[pri:0, instance:FrameWorkSelenium.SubmitOrderTest@776aec5c]" started-at="2024-07-30T20:10:31 IST" name="tearDown" finished-at="2024-07-30T20:10:31 IST" duration-ms="34" status="PASS">
          <reporter-output>
          </reporter-output>
        </test-method> <!-- tearDown -->
        <test-method is-config="true" signature="LaunchApplication()[pri:0, instance:FrameWorkSelenium.SubmitOrderTest@776aec5c]" started-at="2024-07-30T20:10:31 IST" name="LaunchApplication" finished-at="2024-07-30T20:10:35 IST" duration-ms="4159" status="PASS">
          <reporter-output>
          </reporter-output>
        </test-method> <!-- LaunchApplication -->
        <test-method signature="SubmitOrder(java.util.HashMap)[pri:0, instance:FrameWorkSelenium.SubmitOrderTest@776aec5c]" started-at="2024-07-30T20:10:35 IST" name="SubmitOrder" data-provider="getData" finished-at="2024-07-30T20:10:55 IST" duration-ms="20038" status="PASS">
          <params>
            <param index="0">
              <value>
                <![CDATA[{password=Selenium@2024, product=ADIDAS ORIGINAL, email=homsai@gmail.com}]]>
              </value>
            </param>
          </params>
          <reporter-output>
          </reporter-output>
        </test-method> <!-- SubmitOrder -->
        <test-method is-config="true" signature="tearDown()[pri:0, instance:FrameWorkSelenium.SubmitOrderTest@776aec5c]" started-at="2024-07-30T20:10:55 IST" name="tearDown" finished-at="2024-07-30T20:10:55 IST" duration-ms="36" status="PASS">
          <reporter-output>
          </reporter-output>
        </test-method> <!-- tearDown -->
      </class> <!-- FrameWorkSelenium.SubmitOrderTest -->
    </test> <!-- Submit Order Test -->
    <test started-at="2024-07-30T20:10:56 IST" name="Error Validation" finished-at="2024-07-30T20:10:56 IST" duration-ms="1">
    </test> <!-- Error Validation -->
  </suite> <!-- Suite -->
</testng-results>
