<?xml version="1.0" encoding="UTF-8"?>
<testng-results ignored="0" total="3" passed="3" failed="0" skipped="0">
  <reporter-output>
  </reporter-output>
  <suite started-at="2024-07-29T22:04:16 IST" name="Default suite" finished-at="2024-07-29T22:05:19 IST" duration-ms="63504">
    <groups>
      <group name="submitOrder">
        <method signature="SubmitOrderTest.SubmitOrder(java.util.HashMap)[pri:0, instance:FrameWorkSelenium.SubmitOrderTest@43bc63a3]" name="SubmitOrder" class="FrameWorkSelenium.SubmitOrderTest"/>
      </group> <!-- submitOrder -->
    </groups>
    <test started-at="2024-07-29T22:04:16 IST" name="Default test" finished-at="2024-07-29T22:05:19 IST" duration-ms="63504">
      <class name="FrameWorkSelenium.SubmitOrderTest">
        <test-method is-config="true" signature="LaunchApplication()[pri:0, instance:FrameWorkSelenium.SubmitOrderTest@43bc63a3]" started-at="2024-07-29T22:04:16 IST" name="LaunchApplication" finished-at="2024-07-29T22:04:28 IST" duration-ms="11779" status="PASS">
          <reporter-output>
          </reporter-output>
        </test-method> <!-- LaunchApplication -->
        <test-method signature="SubmitOrder(java.util.HashMap)[pri:0, instance:FrameWorkSelenium.SubmitOrderTest@43bc63a3]" started-at="2024-07-29T22:04:28 IST" name="SubmitOrder" data-provider="getData" finished-at="2024-07-29T22:04:49 IST" duration-ms="20576" status="PASS">
          <params>
            <param index="0">
              <value>
                <![CDATA[{password=Selenium@2024, product=ZARA COAT 3, email=homsai@gmail.com}]]>
              </value>
            </param>
          </params>
          <reporter-output>
          </reporter-output>
        </test-method> <!-- SubmitOrder -->
        <test-method is-config="true" signature="tearDown()[pri:0, instance:FrameWorkSelenium.SubmitOrderTest@43bc63a3]" started-at="2024-07-29T22:04:49 IST" name="tearDown" finished-at="2024-07-29T22:04:49 IST" duration-ms="151" status="PASS">
          <reporter-output>
          </reporter-output>
        </test-method> <!-- tearDown -->
        <test-method is-config="true" signature="LaunchApplication()[pri:0, instance:FrameWorkSelenium.SubmitOrderTest@43bc63a3]" started-at="2024-07-29T22:04:49 IST" name="LaunchApplication" finished-at="2024-07-29T22:04:53 IST" duration-ms="3928" status="PASS">
          <reporter-output>
          </reporter-output>
        </test-method> <!-- LaunchApplication -->
        <test-method signature="SubmitOrder(java.util.HashMap)[pri:0, instance:FrameWorkSelenium.SubmitOrderTest@43bc63a3]" started-at="2024-07-29T22:04:53 IST" name="SubmitOrder" data-provider="getData" finished-at="2024-07-29T22:05:13 IST" duration-ms="20414" status="PASS">
          <params>
            <param index="0">
              <value>
                <![CDATA[{password=Selenium@2024, product=ADIDAS ORIGINAL, email=homsai@gmail.com}]]>
              </value>
            </param>
          </params>
          <reporter-output>
          </reporter-output>
        </test-method> <!-- SubmitOrder -->
        <test-method is-config="true" signature="tearDown()[pri:0, instance:FrameWorkSelenium.SubmitOrderTest@43bc63a3]" started-at="2024-07-29T22:05:13 IST" name="tearDown" finished-at="2024-07-29T22:05:13 IST" duration-ms="242" status="PASS">
          <reporter-output>
          </reporter-output>
        </test-method> <!-- tearDown -->
        <test-method is-config="true" signature="LaunchApplication()[pri:0, instance:FrameWorkSelenium.SubmitOrderTest@43bc63a3]" started-at="2024-07-29T22:05:13 IST" name="LaunchApplication" finished-at="2024-07-29T22:05:18 IST" duration-ms="4895" status="PASS">
          <reporter-output>
          </reporter-output>
        </test-method> <!-- LaunchApplication -->
        <test-method signature="orderHistoryTest()[pri:0, instance:FrameWorkSelenium.SubmitOrderTest@43bc63a3]" started-at="2024-07-29T22:05:18 IST" name="orderHistoryTest" finished-at="2024-07-29T22:05:19 IST" depends-on-methods="FrameWorkSelenium.SubmitOrderTest.SubmitOrder" duration-ms="917" status="PASS">
          <reporter-output>
          </reporter-output>
        </test-method> <!-- orderHistoryTest -->
        <test-method is-config="true" signature="tearDown()[pri:0, instance:FrameWorkSelenium.SubmitOrderTest@43bc63a3]" started-at="2024-07-29T22:05:19 IST" name="tearDown" finished-at="2024-07-29T22:05:19 IST" duration-ms="206" status="PASS">
          <reporter-output>
          </reporter-output>
        </test-method> <!-- tearDown -->
      </class> <!-- FrameWorkSelenium.SubmitOrderTest -->
    </test> <!-- Default test -->
  </suite> <!-- Default suite -->
</testng-results>
